[debug] [2022-12-07T21:20:10.996Z] ----------------------------------------------------------------------
[debug] [2022-12-07T21:20:10.998Z] Command:       C:\Program Files\nodejs\node.exe C:\Users\Gebruiker\AppData\Roaming\npm\node_modules\firebase-tools\lib\bin\firebase.js deploy
[debug] [2022-12-07T21:20:10.998Z] CLI Version:   11.16.1
[debug] [2022-12-07T21:20:10.998Z] Platform:      win32
[debug] [2022-12-07T21:20:10.998Z] Node Version:  v18.12.0
[debug] [2022-12-07T21:20:11.000Z] Time:          Wed Dec 07 2022 22:20:10 GMT+0100 (Central European Standard Time)
[debug] [2022-12-07T21:20:11.000Z] ----------------------------------------------------------------------
[debug] 
[debug] [2022-12-07T21:20:11.004Z] >>> [apiv2][query] GET https://firebase-public.firebaseio.com/cli.json [none]
[debug] [2022-12-07T21:20:11.080Z] > command requires scopes: ["email","openid","https://www.googleapis.com/auth/cloudplatformprojects.readonly","https://www.googleapis.com/auth/firebase","https://www.googleapis.com/auth/cloud-platform"]
[debug] [2022-12-07T21:20:11.080Z] > authorizing via signed-in user (jonathanwijker@gmail.com)
[debug] [2022-12-07T21:20:11.080Z] [iam] checking project jonathan-joost for permissions ["firebase.projects.get","firebasehosting.sites.update"]
[debug] [2022-12-07T21:20:11.081Z] > refreshing access token with scopes: []
[debug] [2022-12-07T21:20:11.082Z] >>> [apiv2][query] POST https://www.googleapis.com/oauth2/v3/token [none]
[debug] [2022-12-07T21:20:11.082Z] >>> [apiv2][body] POST https://www.googleapis.com/oauth2/v3/token [omitted]
[debug] [2022-12-07T21:20:11.347Z] <<< [apiv2][status] POST https://www.googleapis.com/oauth2/v3/token 200
[debug] [2022-12-07T21:20:11.347Z] <<< [apiv2][body] POST https://www.googleapis.com/oauth2/v3/token [omitted]
[debug] [2022-12-07T21:20:11.356Z] >>> [apiv2][query] POST https://cloudresourcemanager.googleapis.com/v1/projects/jonathan-joost:testIamPermissions [none]
[debug] [2022-12-07T21:20:11.356Z] >>> [apiv2][(partial)header] POST https://cloudresourcemanager.googleapis.com/v1/projects/jonathan-joost:testIamPermissions x-goog-quota-user=projects/jonathan-joost
[debug] [2022-12-07T21:20:11.356Z] >>> [apiv2][body] POST https://cloudresourcemanager.googleapis.com/v1/projects/jonathan-joost:testIamPermissions {"permissions":["firebase.projects.get","firebasehosting.sites.update"]}
[debug] [2022-12-07T21:20:11.434Z] <<< [apiv2][status] GET https://firebase-public.firebaseio.com/cli.json 200
[debug] [2022-12-07T21:20:11.434Z] <<< [apiv2][body] GET https://firebase-public.firebaseio.com/cli.json {"cloudBuildErrorAfter":1594252800000,"cloudBuildWarnAfter":1590019200000,"defaultNode10After":1594252800000,"minVersion":"3.0.5","node8DeploysDisabledAfter":1613390400000,"node8RuntimeDisabledAfter":1615809600000,"node8WarnAfter":1600128000000}
[debug] [2022-12-07T21:20:11.595Z] <<< [apiv2][status] POST https://cloudresourcemanager.googleapis.com/v1/projects/jonathan-joost:testIamPermissions 200
[debug] [2022-12-07T21:20:11.595Z] <<< [apiv2][body] POST https://cloudresourcemanager.googleapis.com/v1/projects/jonathan-joost:testIamPermissions {"permissions":["firebase.projects.get","firebasehosting.sites.update"]}
[debug] [2022-12-07T21:20:11.596Z] >>> [apiv2][query] GET https://firebase.googleapis.com/v1beta1/projects/jonathan-joost [none]
[debug] [2022-12-07T21:20:11.906Z] <<< [apiv2][status] GET https://firebase.googleapis.com/v1beta1/projects/jonathan-joost 200
